
> p@0.1.0 build
> next build

   ▲ Next.js 15.3.2

   Creating an optimized production build ...
Failed to compile.

./component/PageTransition.jsx
Error:   [31mx[0m The "use client" directive must be placed before other expressions. Move it to the top of the file to resolve this issue.
   ,-[[36;1;4mC:\Users\prath\OneDrive\Desktop\Tanmay\Prathmesh-s-Portfolio\component\PageTransition.jsx[0m:5:1]
 [2m2[0m | import { AnimatePresence, motion } from "framer-motion";
 [2m3[0m | import { usePathname } from "next/navigation";
 [2m4[0m | 
 [2m5[0m | "use client"
   : [35;1m^^^^^^^^^^^^[0m
 [2m6[0m | import { AnimatePresence, motion } from "framer-motion";
 [2m7[0m | import { usePathname } from "next/navigation";
   `----

Import trace for requested module:
./component/PageTransition.jsx
./app/layout.js


> Build failed because of webpack errors
